The system is: Linux - 2.6.32-358.el6.x86_64 - x86_64
Compiling the C compiler identification source file "CMakeCCompilerId.c" succeeded.
Compiler: /usr/bin/gcc 
Build flags: 
Id flags: 

The output was:
0


Compilation of the C compiler identification source "CMakeCCompilerId.c" produced "a.out"

The C compiler identification is GNU, found in "/work/02188/nikunj/multicore/parallelStuff/Galois-2.1.8/build/release/CMakeFiles/CompilerIdC/a.out"

Compiling the CXX compiler identification source file "CMakeCXXCompilerId.cpp" succeeded.
Compiler: /usr/bin/c++ 
Build flags: 
Id flags: 

The output was:
0
CMakeCXXCompilerId.cpp:67: warning: deprecated conversion from string constant to ‘char*’
CMakeCXXCompilerId.cpp:157: warning: deprecated conversion from string constant to ‘char*’


Compilation of the CXX compiler identification source "CMakeCXXCompilerId.cpp" produced "a.out"

The CXX compiler identification is GNU, found in "/work/02188/nikunj/multicore/parallelStuff/Galois-2.1.8/build/release/CMakeFiles/CompilerIdCXX/a.out"

Determining if the C compiler works passed with the following output:
Change Dir: /work/02188/nikunj/multicore/parallelStuff/Galois-2.1.8/build/release/CMakeFiles/CMakeTmp

Run Build Command:/usr/bin/gmake "cmTryCompileExec/fast"
/usr/bin/gmake -f CMakeFiles/cmTryCompileExec.dir/build.make CMakeFiles/cmTryCompileExec.dir/build
gmake[1]: Entering directory `/work/02188/nikunj/multicore/parallelStuff/Galois-2.1.8/build/release/CMakeFiles/CMakeTmp'
/usr/bin/cmake -E cmake_progress_report /work/02188/nikunj/multicore/parallelStuff/Galois-2.1.8/build/release/CMakeFiles/CMakeTmp/CMakeFiles 1
Building C object CMakeFiles/cmTryCompileExec.dir/testCCompiler.c.o
/usr/bin/gcc    -o CMakeFiles/cmTryCompileExec.dir/testCCompiler.c.o   -c /work/02188/nikunj/multicore/parallelStuff/Galois-2.1.8/build/release/CMakeFiles/CMakeTmp/testCCompiler.c
Linking C executable cmTryCompileExec
/usr/bin/cmake -E cmake_link_script CMakeFiles/cmTryCompileExec.dir/link.txt --verbose=1
/usr/bin/gcc       -fPIC CMakeFiles/cmTryCompileExec.dir/testCCompiler.c.o  -o cmTryCompileExec -rdynamic 
gmake[1]: Leaving directory `/work/02188/nikunj/multicore/parallelStuff/Galois-2.1.8/build/release/CMakeFiles/CMakeTmp'


Detecting C compiler ABI info compiled with the following output:
Change Dir: /work/02188/nikunj/multicore/parallelStuff/Galois-2.1.8/build/release/CMakeFiles/CMakeTmp

Run Build Command:/usr/bin/gmake "cmTryCompileExec/fast"
/usr/bin/gmake -f CMakeFiles/cmTryCompileExec.dir/build.make CMakeFiles/cmTryCompileExec.dir/build
gmake[1]: Entering directory `/work/02188/nikunj/multicore/parallelStuff/Galois-2.1.8/build/release/CMakeFiles/CMakeTmp'
/usr/bin/cmake -E cmake_progress_report /work/02188/nikunj/multicore/parallelStuff/Galois-2.1.8/build/release/CMakeFiles/CMakeTmp/CMakeFiles 1
Building C object CMakeFiles/cmTryCompileExec.dir/CMakeCCompilerABI.c.o
/usr/bin/gcc    -o CMakeFiles/cmTryCompileExec.dir/CMakeCCompilerABI.c.o   -c /usr/share/cmake/Modules/CMakeCCompilerABI.c
Linking C executable cmTryCompileExec
/usr/bin/cmake -E cmake_link_script CMakeFiles/cmTryCompileExec.dir/link.txt --verbose=1
/usr/bin/gcc       -fPIC CMakeFiles/cmTryCompileExec.dir/CMakeCCompilerABI.c.o  -o cmTryCompileExec -rdynamic 
gmake[1]: Leaving directory `/work/02188/nikunj/multicore/parallelStuff/Galois-2.1.8/build/release/CMakeFiles/CMakeTmp'


Determining if the CXX compiler works passed with the following output:
Change Dir: /work/02188/nikunj/multicore/parallelStuff/Galois-2.1.8/build/release/CMakeFiles/CMakeTmp

Run Build Command:/usr/bin/gmake "cmTryCompileExec/fast"
/usr/bin/gmake -f CMakeFiles/cmTryCompileExec.dir/build.make CMakeFiles/cmTryCompileExec.dir/build
gmake[1]: Entering directory `/work/02188/nikunj/multicore/parallelStuff/Galois-2.1.8/build/release/CMakeFiles/CMakeTmp'
/usr/bin/cmake -E cmake_progress_report /work/02188/nikunj/multicore/parallelStuff/Galois-2.1.8/build/release/CMakeFiles/CMakeTmp/CMakeFiles 1
Building CXX object CMakeFiles/cmTryCompileExec.dir/testCXXCompiler.cxx.o
/usr/bin/c++     -o CMakeFiles/cmTryCompileExec.dir/testCXXCompiler.cxx.o -c /work/02188/nikunj/multicore/parallelStuff/Galois-2.1.8/build/release/CMakeFiles/CMakeTmp/testCXXCompiler.cxx
Linking CXX executable cmTryCompileExec
/usr/bin/cmake -E cmake_link_script CMakeFiles/cmTryCompileExec.dir/link.txt --verbose=1
/usr/bin/c++        -fPIC CMakeFiles/cmTryCompileExec.dir/testCXXCompiler.cxx.o  -o cmTryCompileExec -rdynamic 
gmake[1]: Leaving directory `/work/02188/nikunj/multicore/parallelStuff/Galois-2.1.8/build/release/CMakeFiles/CMakeTmp'


Detecting CXX compiler ABI info compiled with the following output:
Change Dir: /work/02188/nikunj/multicore/parallelStuff/Galois-2.1.8/build/release/CMakeFiles/CMakeTmp

Run Build Command:/usr/bin/gmake "cmTryCompileExec/fast"
/usr/bin/gmake -f CMakeFiles/cmTryCompileExec.dir/build.make CMakeFiles/cmTryCompileExec.dir/build
gmake[1]: Entering directory `/work/02188/nikunj/multicore/parallelStuff/Galois-2.1.8/build/release/CMakeFiles/CMakeTmp'
/usr/bin/cmake -E cmake_progress_report /work/02188/nikunj/multicore/parallelStuff/Galois-2.1.8/build/release/CMakeFiles/CMakeTmp/CMakeFiles 1
Building CXX object CMakeFiles/cmTryCompileExec.dir/CMakeCXXCompilerABI.cpp.o
/usr/bin/c++     -o CMakeFiles/cmTryCompileExec.dir/CMakeCXXCompilerABI.cpp.o -c /usr/share/cmake/Modules/CMakeCXXCompilerABI.cpp
Linking CXX executable cmTryCompileExec
/usr/bin/cmake -E cmake_link_script CMakeFiles/cmTryCompileExec.dir/link.txt --verbose=1
/usr/bin/c++        -fPIC CMakeFiles/cmTryCompileExec.dir/CMakeCXXCompilerABI.cpp.o  -o cmTryCompileExec -rdynamic 
gmake[1]: Leaving directory `/work/02188/nikunj/multicore/parallelStuff/Galois-2.1.8/build/release/CMakeFiles/CMakeTmp'


Determining if files pthread.h exist passed with the following output:
Change Dir: /work/02188/nikunj/multicore/parallelStuff/Galois-2.1.8/build/release/CMakeFiles/CMakeTmp

Run Build Command:/usr/bin/gmake "cmTryCompileExec/fast"
/usr/bin/gmake -f CMakeFiles/cmTryCompileExec.dir/build.make CMakeFiles/cmTryCompileExec.dir/build
gmake[1]: Entering directory `/work/02188/nikunj/multicore/parallelStuff/Galois-2.1.8/build/release/CMakeFiles/CMakeTmp'
/usr/bin/cmake -E cmake_progress_report /work/02188/nikunj/multicore/parallelStuff/Galois-2.1.8/build/release/CMakeFiles/CMakeTmp/CMakeFiles 1
Building C object CMakeFiles/cmTryCompileExec.dir/CheckIncludeFiles.c.o
/usr/bin/gcc    -o CMakeFiles/cmTryCompileExec.dir/CheckIncludeFiles.c.o   -c /work/02188/nikunj/multicore/parallelStuff/Galois-2.1.8/build/release/CMakeFiles/CMakeTmp/CheckIncludeFiles.c
Linking C executable cmTryCompileExec
/usr/bin/cmake -E cmake_link_script CMakeFiles/cmTryCompileExec.dir/link.txt --verbose=1
/usr/bin/gcc       -fPIC CMakeFiles/cmTryCompileExec.dir/CheckIncludeFiles.c.o  -o cmTryCompileExec -rdynamic 
gmake[1]: Leaving directory `/work/02188/nikunj/multicore/parallelStuff/Galois-2.1.8/build/release/CMakeFiles/CMakeTmp'


Determining if the function pthread_create exists in the pthread passed with the following output:
Change Dir: /work/02188/nikunj/multicore/parallelStuff/Galois-2.1.8/build/release/CMakeFiles/CMakeTmp

Run Build Command:/usr/bin/gmake "cmTryCompileExec/fast"
/usr/bin/gmake -f CMakeFiles/cmTryCompileExec.dir/build.make CMakeFiles/cmTryCompileExec.dir/build
gmake[1]: Entering directory `/work/02188/nikunj/multicore/parallelStuff/Galois-2.1.8/build/release/CMakeFiles/CMakeTmp'
/usr/bin/cmake -E cmake_progress_report /work/02188/nikunj/multicore/parallelStuff/Galois-2.1.8/build/release/CMakeFiles/CMakeTmp/CMakeFiles 1
Building C object CMakeFiles/cmTryCompileExec.dir/CheckFunctionExists.c.o
/usr/bin/gcc   -DCHECK_FUNCTION_EXISTS=pthread_create   -o CMakeFiles/cmTryCompileExec.dir/CheckFunctionExists.c.o   -c /usr/share/cmake/Modules/CheckFunctionExists.c
Linking C executable cmTryCompileExec
/usr/bin/cmake -E cmake_link_script CMakeFiles/cmTryCompileExec.dir/link.txt --verbose=1
/usr/bin/gcc     -DCHECK_FUNCTION_EXISTS=pthread_create  -fPIC CMakeFiles/cmTryCompileExec.dir/CheckFunctionExists.c.o  -o cmTryCompileExec -rdynamic -lpthread 
gmake[1]: Leaving directory `/work/02188/nikunj/multicore/parallelStuff/Galois-2.1.8/build/release/CMakeFiles/CMakeTmp'


Compiling the Fortran compiler identification source file "CMakeFortranCompilerId.F90" succeeded.
Compiler: /opt/apps/intel/13/composer_xe_2013.2.146/bin/intel64/ifort 
Build flags: 
Id flags: 

The output was:
0


Compilation of the Fortran compiler identification source "CMakeFortranCompilerId.F90" produced "a.out"

The Fortran compiler identification is Intel, found in "/work/02188/nikunj/multicore/parallelStuff/Galois-2.1.8/build/release/CMakeFiles/CompilerIdFortran/a.out"

Determining if the Fortran compiler works passed with the following output:
Change Dir: /work/02188/nikunj/multicore/parallelStuff/Galois-2.1.8/build/release/CMakeFiles/CMakeTmp

Run Build Command:/usr/bin/gmake "cmTryCompileExec/fast"
/usr/bin/gmake -f CMakeFiles/cmTryCompileExec.dir/build.make CMakeFiles/cmTryCompileExec.dir/build
gmake[1]: Entering directory `/work/02188/nikunj/multicore/parallelStuff/Galois-2.1.8/build/release/CMakeFiles/CMakeTmp'
/usr/bin/cmake -E cmake_progress_report /work/02188/nikunj/multicore/parallelStuff/Galois-2.1.8/build/release/CMakeFiles/CMakeTmp/CMakeFiles 1
Building Fortran object CMakeFiles/cmTryCompileExec.dir/testFortranCompiler.f.o
/opt/apps/intel/13/composer_xe_2013.2.146/bin/intel64/ifort  -o CMakeFiles/cmTryCompileExec.dir/testFortranCompiler.f.o   -c /work/02188/nikunj/multicore/parallelStuff/Galois-2.1.8/build/release/CMakeFiles/CMakeTmp/testFortranCompiler.f
Linking Fortran executable cmTryCompileExec
/usr/bin/cmake -E cmake_link_script CMakeFiles/cmTryCompileExec.dir/link.txt --verbose=1
/opt/apps/intel/13/composer_xe_2013.2.146/bin/intel64/ifort   -fPIC     CMakeFiles/cmTryCompileExec.dir/testFortranCompiler.f.o  -o cmTryCompileExec -i_dynamic 
gmake[1]: Leaving directory `/work/02188/nikunj/multicore/parallelStuff/Galois-2.1.8/build/release/CMakeFiles/CMakeTmp'


Determining if the Fortran compiler supports Fortran 90 passed with the following output:
Change Dir: /work/02188/nikunj/multicore/parallelStuff/Galois-2.1.8/build/release/CMakeFiles/CMakeTmp

Run Build Command:/usr/bin/gmake "cmTryCompileExec/fast"
/usr/bin/gmake -f CMakeFiles/cmTryCompileExec.dir/build.make CMakeFiles/cmTryCompileExec.dir/build
gmake[1]: Entering directory `/work/02188/nikunj/multicore/parallelStuff/Galois-2.1.8/build/release/CMakeFiles/CMakeTmp'
/usr/bin/cmake -E cmake_progress_report /work/02188/nikunj/multicore/parallelStuff/Galois-2.1.8/build/release/CMakeFiles/CMakeTmp/CMakeFiles 1
Building Fortran object CMakeFiles/cmTryCompileExec.dir/testFortranCompilerF90.f90.o
/opt/apps/intel/13/composer_xe_2013.2.146/bin/intel64/ifort  -o CMakeFiles/cmTryCompileExec.dir/testFortranCompilerF90.f90.o   -c /work/02188/nikunj/multicore/parallelStuff/Galois-2.1.8/build/release/CMakeFiles/CMakeTmp/testFortranCompilerF90.f90
Linking Fortran executable cmTryCompileExec
/usr/bin/cmake -E cmake_link_script CMakeFiles/cmTryCompileExec.dir/link.txt --verbose=1
/opt/apps/intel/13/composer_xe_2013.2.146/bin/intel64/ifort   -fPIC     CMakeFiles/cmTryCompileExec.dir/testFortranCompilerF90.f90.o  -o cmTryCompileExec -i_dynamic 
gmake[1]: Leaving directory `/work/02188/nikunj/multicore/parallelStuff/Galois-2.1.8/build/release/CMakeFiles/CMakeTmp'


Performing C SOURCE FILE Test HAVE_HUGEPAGES succeded with the following output:
Change Dir: /work/02188/nikunj/multicore/parallelStuff/Galois-2.1.8/build/release/CMakeFiles/CMakeTmp

Run Build Command:/usr/bin/gmake "cmTryCompileExec/fast"
/usr/bin/gmake -f CMakeFiles/cmTryCompileExec.dir/build.make CMakeFiles/cmTryCompileExec.dir/build
gmake[1]: Entering directory `/work/02188/nikunj/multicore/parallelStuff/Galois-2.1.8/build/release/CMakeFiles/CMakeTmp'
/usr/bin/cmake -E cmake_progress_report /work/02188/nikunj/multicore/parallelStuff/Galois-2.1.8/build/release/CMakeFiles/CMakeTmp/CMakeFiles 1
Building C object CMakeFiles/cmTryCompileExec.dir/src.c.o
/usr/bin/gcc   -DHAVE_HUGEPAGES   -o CMakeFiles/cmTryCompileExec.dir/src.c.o   -c /work/02188/nikunj/multicore/parallelStuff/Galois-2.1.8/build/release/CMakeFiles/CMakeTmp/src.c
Linking C executable cmTryCompileExec
/usr/bin/cmake -E cmake_link_script CMakeFiles/cmTryCompileExec.dir/link.txt --verbose=1
/usr/bin/gcc     -DHAVE_HUGEPAGES  -fPIC CMakeFiles/cmTryCompileExec.dir/src.c.o  -o cmTryCompileExec -rdynamic 
gmake[1]: Leaving directory `/work/02188/nikunj/multicore/parallelStuff/Galois-2.1.8/build/release/CMakeFiles/CMakeTmp'

Return value: 1
Source file was:

#ifdef __linux__
#include <linux/mman.h>
#endif
#include <sys/mman.h>

int main(int c, char** argv) {
  void *ptr = mmap(0, 2*1024*1024, PROT_READ|PROT_WRITE, MAP_HUGETLB, -1, 0);

  return ptr != MAP_FAILED;
}

Performing C++ SOURCE FILE Test CXX0X_FLAG_DETECTED succeded with the following output:
Change Dir: /work/02188/nikunj/multicore/parallelStuff/Galois-2.1.8/build/release/CMakeFiles/CMakeTmp

Run Build Command:/usr/bin/gmake "cmTryCompileExec/fast"
/usr/bin/gmake -f CMakeFiles/cmTryCompileExec.dir/build.make CMakeFiles/cmTryCompileExec.dir/build
gmake[1]: Entering directory `/work/02188/nikunj/multicore/parallelStuff/Galois-2.1.8/build/release/CMakeFiles/CMakeTmp'
/usr/bin/cmake -E cmake_progress_report /work/02188/nikunj/multicore/parallelStuff/Galois-2.1.8/build/release/CMakeFiles/CMakeTmp/CMakeFiles 1
Building CXX object CMakeFiles/cmTryCompileExec.dir/src.cxx.o
/usr/bin/c++    -DCXX0X_FLAG_DETECTED   -std=c++0x -o CMakeFiles/cmTryCompileExec.dir/src.cxx.o -c /work/02188/nikunj/multicore/parallelStuff/Galois-2.1.8/build/release/CMakeFiles/CMakeTmp/src.cxx
Linking CXX executable cmTryCompileExec
/usr/bin/cmake -E cmake_link_script CMakeFiles/cmTryCompileExec.dir/link.txt --verbose=1
/usr/bin/c++      -DCXX0X_FLAG_DETECTED  -fPIC CMakeFiles/cmTryCompileExec.dir/src.cxx.o  -o cmTryCompileExec -rdynamic 
gmake[1]: Leaving directory `/work/02188/nikunj/multicore/parallelStuff/Galois-2.1.8/build/release/CMakeFiles/CMakeTmp'

Source file was:
int main() { return 0;}
