Determining if the pthread_create exist failed with the following output:
Change Dir: /work/02188/nikunj/multicore/parallelStuff/Galois-2.1.8/build/release/CMakeFiles/CMakeTmp

Run Build Command:/usr/bin/gmake "cmTryCompileExec3356066640/fast"
/usr/bin/gmake -f CMakeFiles/cmTryCompileExec3356066640.dir/build.make CMakeFiles/cmTryCompileExec3356066640.dir/build
gmake[1]: Entering directory `/work/02188/nikunj/multicore/parallelStuff/Galois-2.1.8/build/release/CMakeFiles/CMakeTmp'
/opt/apps/cmake/2.8.9/bin/cmake -E cmake_progress_report /work/02188/nikunj/multicore/parallelStuff/Galois-2.1.8/build/release/CMakeFiles/CMakeTmp/CMakeFiles 1
Building C object CMakeFiles/cmTryCompileExec3356066640.dir/CheckSymbolExists.c.o
/opt/apps/gcc/4.7.1/bin/gcc    -o CMakeFiles/cmTryCompileExec3356066640.dir/CheckSymbolExists.c.o   -c /work/02188/nikunj/multicore/parallelStuff/Galois-2.1.8/build/release/CMakeFiles/CMakeTmp/CheckSymbolExists.c
Linking C executable cmTryCompileExec3356066640
/opt/apps/cmake/2.8.9/bin/cmake -E cmake_link_script CMakeFiles/cmTryCompileExec3356066640.dir/link.txt --verbose=1
/opt/apps/gcc/4.7.1/bin/gcc         CMakeFiles/cmTryCompileExec3356066640.dir/CheckSymbolExists.c.o  -o cmTryCompileExec3356066640 -rdynamic 
CMakeFiles/cmTryCompileExec3356066640.dir/CheckSymbolExists.c.o: In function `main':
CheckSymbolExists.c:(.text+0x16): undefined reference to `pthread_create'
collect2: error: ld returned 1 exit status
gmake[1]: *** [cmTryCompileExec3356066640] Error 1
gmake[1]: Leaving directory `/work/02188/nikunj/multicore/parallelStuff/Galois-2.1.8/build/release/CMakeFiles/CMakeTmp'
gmake: *** [cmTryCompileExec3356066640/fast] Error 2

File /work/02188/nikunj/multicore/parallelStuff/Galois-2.1.8/build/release/CMakeFiles/CMakeTmp/CheckSymbolExists.c:
/* */
#include <pthread.h>

int main(int argc, char** argv)
{
  (void)argv;
#ifndef pthread_create
  return ((int*)(&pthread_create))[argc];
#else
  (void)argc;
  return 0;
#endif
}

Determining if the function pthread_create exists in the pthreads failed with the following output:
Change Dir: /work/02188/nikunj/multicore/parallelStuff/Galois-2.1.8/build/release/CMakeFiles/CMakeTmp

Run Build Command:/usr/bin/gmake "cmTryCompileExec3389791889/fast"
/usr/bin/gmake -f CMakeFiles/cmTryCompileExec3389791889.dir/build.make CMakeFiles/cmTryCompileExec3389791889.dir/build
gmake[1]: Entering directory `/work/02188/nikunj/multicore/parallelStuff/Galois-2.1.8/build/release/CMakeFiles/CMakeTmp'
/opt/apps/cmake/2.8.9/bin/cmake -E cmake_progress_report /work/02188/nikunj/multicore/parallelStuff/Galois-2.1.8/build/release/CMakeFiles/CMakeTmp/CMakeFiles 1
Building C object CMakeFiles/cmTryCompileExec3389791889.dir/CheckFunctionExists.c.o
/opt/apps/gcc/4.7.1/bin/gcc   -DCHECK_FUNCTION_EXISTS=pthread_create   -o CMakeFiles/cmTryCompileExec3389791889.dir/CheckFunctionExists.c.o   -c /opt/apps/cmake/2.8.9/share/cmake-2.8/Modules/CheckFunctionExists.c
Linking C executable cmTryCompileExec3389791889
/opt/apps/cmake/2.8.9/bin/cmake -E cmake_link_script CMakeFiles/cmTryCompileExec3389791889.dir/link.txt --verbose=1
/opt/apps/gcc/4.7.1/bin/gcc     -DCHECK_FUNCTION_EXISTS=pthread_create    CMakeFiles/cmTryCompileExec3389791889.dir/CheckFunctionExists.c.o  -o cmTryCompileExec3389791889 -rdynamic -lpthreads 
/usr/bin/ld: cannot find -lpthreads
collect2: error: ld returned 1 exit status
gmake[1]: *** [cmTryCompileExec3389791889] Error 1
gmake[1]: Leaving directory `/work/02188/nikunj/multicore/parallelStuff/Galois-2.1.8/build/release/CMakeFiles/CMakeTmp'
gmake: *** [cmTryCompileExec3389791889/fast] Error 2


Determining if the function numa_available exists in the numa failed with the following output:
Change Dir: /work/02188/nikunj/multicore/parallelStuff/Galois-2.1.8/build/release/CMakeFiles/CMakeTmp

Run Build Command:/usr/bin/gmake "cmTryCompileExec2329361236/fast"
/usr/bin/gmake -f CMakeFiles/cmTryCompileExec2329361236.dir/build.make CMakeFiles/cmTryCompileExec2329361236.dir/build
gmake[1]: Entering directory `/work/02188/nikunj/multicore/parallelStuff/Galois-2.1.8/build/release/CMakeFiles/CMakeTmp'
/opt/apps/cmake/2.8.9/bin/cmake -E cmake_progress_report /work/02188/nikunj/multicore/parallelStuff/Galois-2.1.8/build/release/CMakeFiles/CMakeTmp/CMakeFiles 1
Building C object CMakeFiles/cmTryCompileExec2329361236.dir/CheckFunctionExists.c.o
/opt/apps/gcc/4.7.1/bin/gcc   -DCHECK_FUNCTION_EXISTS=numa_available   -o CMakeFiles/cmTryCompileExec2329361236.dir/CheckFunctionExists.c.o   -c /opt/apps/cmake/2.8.9/share/cmake-2.8/Modules/CheckFunctionExists.c
Linking C executable cmTryCompileExec2329361236
/opt/apps/cmake/2.8.9/bin/cmake -E cmake_link_script CMakeFiles/cmTryCompileExec2329361236.dir/link.txt --verbose=1
/opt/apps/gcc/4.7.1/bin/gcc     -DCHECK_FUNCTION_EXISTS=numa_available    CMakeFiles/cmTryCompileExec2329361236.dir/CheckFunctionExists.c.o  -o cmTryCompileExec2329361236 -rdynamic -lnuma 
/usr/bin/ld: cannot find -lnuma
collect2: error: ld returned 1 exit status
gmake[1]: *** [cmTryCompileExec2329361236] Error 1
gmake[1]: Leaving directory `/work/02188/nikunj/multicore/parallelStuff/Galois-2.1.8/build/release/CMakeFiles/CMakeTmp'
gmake: *** [cmTryCompileExec2329361236/fast] Error 2


Performing C++ SOURCE FILE Test HAVE_CILK failed with the following output:
Change Dir: /work/02188/nikunj/multicore/parallelStuff/Galois-2.1.8/build/release/CMakeFiles/CMakeTmp

Run Build Command:/usr/bin/gmake "cmTryCompileExec2437487621/fast"
/usr/bin/gmake -f CMakeFiles/cmTryCompileExec2437487621.dir/build.make CMakeFiles/cmTryCompileExec2437487621.dir/build
gmake[1]: Entering directory `/work/02188/nikunj/multicore/parallelStuff/Galois-2.1.8/build/release/CMakeFiles/CMakeTmp'
/opt/apps/cmake/2.8.9/bin/cmake -E cmake_progress_report /work/02188/nikunj/multicore/parallelStuff/Galois-2.1.8/build/release/CMakeFiles/CMakeTmp/CMakeFiles 1
Building CXX object CMakeFiles/cmTryCompileExec2437487621.dir/src.cxx.o
/opt/apps/gcc/4.7.1/bin/c++    -DHAVE_CILK   -o CMakeFiles/cmTryCompileExec2437487621.dir/src.cxx.o -c /work/02188/nikunj/multicore/parallelStuff/Galois-2.1.8/build/release/CMakeFiles/CMakeTmp/src.cxx
/work/02188/nikunj/multicore/parallelStuff/Galois-2.1.8/build/release/CMakeFiles/CMakeTmp/src.cxx:2:23: fatal error: cilk/cilk.h: No such file or directory
compilation terminated.
gmake[1]: *** [CMakeFiles/cmTryCompileExec2437487621.dir/src.cxx.o] Error 1
gmake[1]: Leaving directory `/work/02188/nikunj/multicore/parallelStuff/Galois-2.1.8/build/release/CMakeFiles/CMakeTmp'
gmake: *** [cmTryCompileExec2437487621/fast] Error 2

Source file was:

#include <cilk/cilk.h>
int main(){ cilk_for (int i=0;i<1;++i) ; return 0; }

Determining if the system is big endian passed with the following output:
Change Dir: /work/02188/nikunj/multicore/parallelStuff/Galois-2.1.8/build/release/CMakeFiles/CMakeTmp

Run Build Command:/usr/bin/gmake "cmTryCompileExec518155343/fast"
/usr/bin/gmake -f CMakeFiles/cmTryCompileExec518155343.dir/build.make CMakeFiles/cmTryCompileExec518155343.dir/build
gmake[1]: Entering directory `/work/02188/nikunj/multicore/parallelStuff/Galois-2.1.8/build/release/CMakeFiles/CMakeTmp'
/opt/apps/cmake/2.8.9/bin/cmake -E cmake_progress_report /work/02188/nikunj/multicore/parallelStuff/Galois-2.1.8/build/release/CMakeFiles/CMakeTmp/CMakeFiles 1
Building C object CMakeFiles/cmTryCompileExec518155343.dir/TestEndianess.c.o
/opt/apps/gcc/4.7.1/bin/gcc   -g     -o CMakeFiles/cmTryCompileExec518155343.dir/TestEndianess.c.o   -c /work/02188/nikunj/multicore/parallelStuff/Galois-2.1.8/build/release/CMakeFiles/CMakeTmp/TestEndianess.c
Linking C executable cmTryCompileExec518155343
/opt/apps/cmake/2.8.9/bin/cmake -E cmake_link_script CMakeFiles/cmTryCompileExec518155343.dir/link.txt --verbose=1
/opt/apps/gcc/4.7.1/bin/gcc    -g      CMakeFiles/cmTryCompileExec518155343.dir/TestEndianess.c.o  -o cmTryCompileExec518155343 -rdynamic 
gmake[1]: Leaving directory `/work/02188/nikunj/multicore/parallelStuff/Galois-2.1.8/build/release/CMakeFiles/CMakeTmp'

TestEndianess.c:
/* A 16 bit integer is required. */
typedef unsigned short cmakeint16;

/* On a little endian machine, these 16bit ints will give "THIS IS LITTLE ENDIAN."
   On a big endian machine the characters will be exchanged pairwise. */
const cmakeint16 info_little[] =  {0x4854, 0x5349, 0x4920, 0x2053, 0x494c, 0x5454, 0x454c, 0x4520, 0x444e, 0x4149, 0x2e4e, 0x0000};

/* on a big endian machine, these 16bit ints will give "THIS IS BIG ENDIAN."
   On a little endian machine the characters will be exchanged pairwise. */
const cmakeint16 info_big[] =     {0x5448, 0x4953, 0x2049, 0x5320, 0x4249, 0x4720, 0x454e, 0x4449, 0x414e, 0x2e2e, 0x0000};

#ifdef __CLASSIC_C__
int main(argc, argv) int argc; char *argv[];
#else
int main(int argc, char *argv[])
#endif
{
  int require = 0;
  require += info_little[argc];
  require += info_big[argc];
  (void)argv;
  return require;
}


Determining if the include file dl.h exists failed with the following output:
Change Dir: /work/02188/nikunj/multicore/parallelStuff/Galois-2.1.8/build/release/CMakeFiles/CMakeTmp

Run Build Command:/usr/bin/gmake "cmTryCompileExec3278550009/fast"
/usr/bin/gmake -f CMakeFiles/cmTryCompileExec3278550009.dir/build.make CMakeFiles/cmTryCompileExec3278550009.dir/build
gmake[1]: Entering directory `/work/02188/nikunj/multicore/parallelStuff/Galois-2.1.8/build/release/CMakeFiles/CMakeTmp'
/opt/apps/cmake/2.8.9/bin/cmake -E cmake_progress_report /work/02188/nikunj/multicore/parallelStuff/Galois-2.1.8/build/release/CMakeFiles/CMakeTmp/CMakeFiles 1
Building C object CMakeFiles/cmTryCompileExec3278550009.dir/CheckIncludeFile.c.o
/opt/apps/gcc/4.7.1/bin/gcc   -g     -o CMakeFiles/cmTryCompileExec3278550009.dir/CheckIncludeFile.c.o   -c /work/02188/nikunj/multicore/parallelStuff/Galois-2.1.8/build/release/CMakeFiles/CMakeTmp/CheckIncludeFile.c
/work/02188/nikunj/multicore/parallelStuff/Galois-2.1.8/build/release/CMakeFiles/CMakeTmp/CheckIncludeFile.c:1:16: fatal error: dl.h: No such file or directory
compilation terminated.
gmake[1]: *** [CMakeFiles/cmTryCompileExec3278550009.dir/CheckIncludeFile.c.o] Error 1
gmake[1]: Leaving directory `/work/02188/nikunj/multicore/parallelStuff/Galois-2.1.8/build/release/CMakeFiles/CMakeTmp'
gmake: *** [cmTryCompileExec3278550009/fast] Error 2


Determining if the include file dld.h exists failed with the following output:
Change Dir: /work/02188/nikunj/multicore/parallelStuff/Galois-2.1.8/build/release/CMakeFiles/CMakeTmp

Run Build Command:/usr/bin/gmake "cmTryCompileExec386217575/fast"
/usr/bin/gmake -f CMakeFiles/cmTryCompileExec386217575.dir/build.make CMakeFiles/cmTryCompileExec386217575.dir/build
gmake[1]: Entering directory `/work/02188/nikunj/multicore/parallelStuff/Galois-2.1.8/build/release/CMakeFiles/CMakeTmp'
/opt/apps/cmake/2.8.9/bin/cmake -E cmake_progress_report /work/02188/nikunj/multicore/parallelStuff/Galois-2.1.8/build/release/CMakeFiles/CMakeTmp/CMakeFiles 1
Building C object CMakeFiles/cmTryCompileExec386217575.dir/CheckIncludeFile.c.o
/opt/apps/gcc/4.7.1/bin/gcc   -g     -o CMakeFiles/cmTryCompileExec386217575.dir/CheckIncludeFile.c.o   -c /work/02188/nikunj/multicore/parallelStuff/Galois-2.1.8/build/release/CMakeFiles/CMakeTmp/CheckIncludeFile.c
/work/02188/nikunj/multicore/parallelStuff/Galois-2.1.8/build/release/CMakeFiles/CMakeTmp/CheckIncludeFile.c:1:17: fatal error: dld.h: No such file or directory
compilation terminated.
gmake[1]: *** [CMakeFiles/cmTryCompileExec386217575.dir/CheckIncludeFile.c.o] Error 1
gmake[1]: Leaving directory `/work/02188/nikunj/multicore/parallelStuff/Galois-2.1.8/build/release/CMakeFiles/CMakeTmp'
gmake: *** [cmTryCompileExec386217575/fast] Error 2


Determining if the include file malloc/malloc.h exists failed with the following output:
Change Dir: /work/02188/nikunj/multicore/parallelStuff/Galois-2.1.8/build/release/CMakeFiles/CMakeTmp

Run Build Command:/usr/bin/gmake "cmTryCompileExec1441344045/fast"
/usr/bin/gmake -f CMakeFiles/cmTryCompileExec1441344045.dir/build.make CMakeFiles/cmTryCompileExec1441344045.dir/build
gmake[1]: Entering directory `/work/02188/nikunj/multicore/parallelStuff/Galois-2.1.8/build/release/CMakeFiles/CMakeTmp'
/opt/apps/cmake/2.8.9/bin/cmake -E cmake_progress_report /work/02188/nikunj/multicore/parallelStuff/Galois-2.1.8/build/release/CMakeFiles/CMakeTmp/CMakeFiles 1
Building C object CMakeFiles/cmTryCompileExec1441344045.dir/CheckIncludeFile.c.o
/opt/apps/gcc/4.7.1/bin/gcc   -g     -o CMakeFiles/cmTryCompileExec1441344045.dir/CheckIncludeFile.c.o   -c /work/02188/nikunj/multicore/parallelStuff/Galois-2.1.8/build/release/CMakeFiles/CMakeTmp/CheckIncludeFile.c
/work/02188/nikunj/multicore/parallelStuff/Galois-2.1.8/build/release/CMakeFiles/CMakeTmp/CheckIncludeFile.c:1:27: fatal error: malloc/malloc.h: No such file or directory
compilation terminated.
gmake[1]: *** [CMakeFiles/cmTryCompileExec1441344045.dir/CheckIncludeFile.c.o] Error 1
gmake[1]: Leaving directory `/work/02188/nikunj/multicore/parallelStuff/Galois-2.1.8/build/release/CMakeFiles/CMakeTmp'
gmake: *** [cmTryCompileExec1441344045/fast] Error 2


Determining if the include file ndir.h exists failed with the following output:
Change Dir: /work/02188/nikunj/multicore/parallelStuff/Galois-2.1.8/build/release/CMakeFiles/CMakeTmp

Run Build Command:/usr/bin/gmake "cmTryCompileExec2576698183/fast"
/usr/bin/gmake -f CMakeFiles/cmTryCompileExec2576698183.dir/build.make CMakeFiles/cmTryCompileExec2576698183.dir/build
gmake[1]: Entering directory `/work/02188/nikunj/multicore/parallelStuff/Galois-2.1.8/build/release/CMakeFiles/CMakeTmp'
/opt/apps/cmake/2.8.9/bin/cmake -E cmake_progress_report /work/02188/nikunj/multicore/parallelStuff/Galois-2.1.8/build/release/CMakeFiles/CMakeTmp/CMakeFiles 1
Building C object CMakeFiles/cmTryCompileExec2576698183.dir/CheckIncludeFile.c.o
/opt/apps/gcc/4.7.1/bin/gcc   -g     -o CMakeFiles/cmTryCompileExec2576698183.dir/CheckIncludeFile.c.o   -c /work/02188/nikunj/multicore/parallelStuff/Galois-2.1.8/build/release/CMakeFiles/CMakeTmp/CheckIncludeFile.c
/work/02188/nikunj/multicore/parallelStuff/Galois-2.1.8/build/release/CMakeFiles/CMakeTmp/CheckIncludeFile.c:1:18: fatal error: ndir.h: No such file or directory
compilation terminated.
gmake[1]: *** [CMakeFiles/cmTryCompileExec2576698183.dir/CheckIncludeFile.c.o] Error 1
gmake[1]: Leaving directory `/work/02188/nikunj/multicore/parallelStuff/Galois-2.1.8/build/release/CMakeFiles/CMakeTmp'
gmake: *** [cmTryCompileExec2576698183/fast] Error 2


Determining if the include file sys/dl.h exists failed with the following output:
Change Dir: /work/02188/nikunj/multicore/parallelStuff/Galois-2.1.8/build/release/CMakeFiles/CMakeTmp

Run Build Command:/usr/bin/gmake "cmTryCompileExec2267786003/fast"
/usr/bin/gmake -f CMakeFiles/cmTryCompileExec2267786003.dir/build.make CMakeFiles/cmTryCompileExec2267786003.dir/build
gmake[1]: Entering directory `/work/02188/nikunj/multicore/parallelStuff/Galois-2.1.8/build/release/CMakeFiles/CMakeTmp'
/opt/apps/cmake/2.8.9/bin/cmake -E cmake_progress_report /work/02188/nikunj/multicore/parallelStuff/Galois-2.1.8/build/release/CMakeFiles/CMakeTmp/CMakeFiles 1
Building C object CMakeFiles/cmTryCompileExec2267786003.dir/CheckIncludeFile.c.o
/opt/apps/gcc/4.7.1/bin/gcc   -g     -o CMakeFiles/cmTryCompileExec2267786003.dir/CheckIncludeFile.c.o   -c /work/02188/nikunj/multicore/parallelStuff/Galois-2.1.8/build/release/CMakeFiles/CMakeTmp/CheckIncludeFile.c
/work/02188/nikunj/multicore/parallelStuff/Galois-2.1.8/build/release/CMakeFiles/CMakeTmp/CheckIncludeFile.c:1:20: fatal error: sys/dl.h: No such file or directory
compilation terminated.
gmake[1]: *** [CMakeFiles/cmTryCompileExec2267786003.dir/CheckIncludeFile.c.o] Error 1
gmake[1]: Leaving directory `/work/02188/nikunj/multicore/parallelStuff/Galois-2.1.8/build/release/CMakeFiles/CMakeTmp'
gmake: *** [cmTryCompileExec2267786003/fast] Error 2


Determining if the include file sys/ndir.h exists failed with the following output:
Change Dir: /work/02188/nikunj/multicore/parallelStuff/Galois-2.1.8/build/release/CMakeFiles/CMakeTmp

Run Build Command:/usr/bin/gmake "cmTryCompileExec2449216713/fast"
/usr/bin/gmake -f CMakeFiles/cmTryCompileExec2449216713.dir/build.make CMakeFiles/cmTryCompileExec2449216713.dir/build
gmake[1]: Entering directory `/work/02188/nikunj/multicore/parallelStuff/Galois-2.1.8/build/release/CMakeFiles/CMakeTmp'
/opt/apps/cmake/2.8.9/bin/cmake -E cmake_progress_report /work/02188/nikunj/multicore/parallelStuff/Galois-2.1.8/build/release/CMakeFiles/CMakeTmp/CMakeFiles 1
Building C object CMakeFiles/cmTryCompileExec2449216713.dir/CheckIncludeFile.c.o
/opt/apps/gcc/4.7.1/bin/gcc   -g     -o CMakeFiles/cmTryCompileExec2449216713.dir/CheckIncludeFile.c.o   -c /work/02188/nikunj/multicore/parallelStuff/Galois-2.1.8/build/release/CMakeFiles/CMakeTmp/CheckIncludeFile.c
/work/02188/nikunj/multicore/parallelStuff/Galois-2.1.8/build/release/CMakeFiles/CMakeTmp/CheckIncludeFile.c:1:22: fatal error: sys/ndir.h: No such file or directory
compilation terminated.
gmake[1]: *** [CMakeFiles/cmTryCompileExec2449216713.dir/CheckIncludeFile.c.o] Error 1
gmake[1]: Leaving directory `/work/02188/nikunj/multicore/parallelStuff/Galois-2.1.8/build/release/CMakeFiles/CMakeTmp'
gmake: *** [cmTryCompileExec2449216713/fast] Error 2


Determining if the include file valgrind/valgrind.h exists failed with the following output:
Change Dir: /work/02188/nikunj/multicore/parallelStuff/Galois-2.1.8/build/release/CMakeFiles/CMakeTmp

Run Build Command:/usr/bin/gmake "cmTryCompileExec2439355153/fast"
/usr/bin/gmake -f CMakeFiles/cmTryCompileExec2439355153.dir/build.make CMakeFiles/cmTryCompileExec2439355153.dir/build
gmake[1]: Entering directory `/work/02188/nikunj/multicore/parallelStuff/Galois-2.1.8/build/release/CMakeFiles/CMakeTmp'
/opt/apps/cmake/2.8.9/bin/cmake -E cmake_progress_report /work/02188/nikunj/multicore/parallelStuff/Galois-2.1.8/build/release/CMakeFiles/CMakeTmp/CMakeFiles 1
Building C object CMakeFiles/cmTryCompileExec2439355153.dir/CheckIncludeFile.c.o
/opt/apps/gcc/4.7.1/bin/gcc   -g     -o CMakeFiles/cmTryCompileExec2439355153.dir/CheckIncludeFile.c.o   -c /work/02188/nikunj/multicore/parallelStuff/Galois-2.1.8/build/release/CMakeFiles/CMakeTmp/CheckIncludeFile.c
/work/02188/nikunj/multicore/parallelStuff/Galois-2.1.8/build/release/CMakeFiles/CMakeTmp/CheckIncludeFile.c:1:31: fatal error: valgrind/valgrind.h: No such file or directory
compilation terminated.
gmake[1]: *** [CMakeFiles/cmTryCompileExec2439355153.dir/CheckIncludeFile.c.o] Error 1
gmake[1]: Leaving directory `/work/02188/nikunj/multicore/parallelStuff/Galois-2.1.8/build/release/CMakeFiles/CMakeTmp'
gmake: *** [cmTryCompileExec2439355153/fast] Error 2


Determining if the include file windows.h exists failed with the following output:
Change Dir: /work/02188/nikunj/multicore/parallelStuff/Galois-2.1.8/build/release/CMakeFiles/CMakeTmp

Run Build Command:/usr/bin/gmake "cmTryCompileExec2596468430/fast"
/usr/bin/gmake -f CMakeFiles/cmTryCompileExec2596468430.dir/build.make CMakeFiles/cmTryCompileExec2596468430.dir/build
gmake[1]: Entering directory `/work/02188/nikunj/multicore/parallelStuff/Galois-2.1.8/build/release/CMakeFiles/CMakeTmp'
/opt/apps/cmake/2.8.9/bin/cmake -E cmake_progress_report /work/02188/nikunj/multicore/parallelStuff/Galois-2.1.8/build/release/CMakeFiles/CMakeTmp/CMakeFiles 1
Building C object CMakeFiles/cmTryCompileExec2596468430.dir/CheckIncludeFile.c.o
/opt/apps/gcc/4.7.1/bin/gcc   -g     -o CMakeFiles/cmTryCompileExec2596468430.dir/CheckIncludeFile.c.o   -c /work/02188/nikunj/multicore/parallelStuff/Galois-2.1.8/build/release/CMakeFiles/CMakeTmp/CheckIncludeFile.c
/work/02188/nikunj/multicore/parallelStuff/Galois-2.1.8/build/release/CMakeFiles/CMakeTmp/CheckIncludeFile.c:1:21: fatal error: windows.h: No such file or directory
compilation terminated.
gmake[1]: *** [CMakeFiles/cmTryCompileExec2596468430.dir/CheckIncludeFile.c.o] Error 1
gmake[1]: Leaving directory `/work/02188/nikunj/multicore/parallelStuff/Galois-2.1.8/build/release/CMakeFiles/CMakeTmp'
gmake: *** [cmTryCompileExec2596468430/fast] Error 2


Determining if the include file mach/mach.h exists failed with the following output:
Change Dir: /work/02188/nikunj/multicore/parallelStuff/Galois-2.1.8/build/release/CMakeFiles/CMakeTmp

Run Build Command:/usr/bin/gmake "cmTryCompileExec943389506/fast"
/usr/bin/gmake -f CMakeFiles/cmTryCompileExec943389506.dir/build.make CMakeFiles/cmTryCompileExec943389506.dir/build
gmake[1]: Entering directory `/work/02188/nikunj/multicore/parallelStuff/Galois-2.1.8/build/release/CMakeFiles/CMakeTmp'
/opt/apps/cmake/2.8.9/bin/cmake -E cmake_progress_report /work/02188/nikunj/multicore/parallelStuff/Galois-2.1.8/build/release/CMakeFiles/CMakeTmp/CMakeFiles 1
Building C object CMakeFiles/cmTryCompileExec943389506.dir/CheckIncludeFile.c.o
/opt/apps/gcc/4.7.1/bin/gcc   -g     -o CMakeFiles/cmTryCompileExec943389506.dir/CheckIncludeFile.c.o   -c /work/02188/nikunj/multicore/parallelStuff/Galois-2.1.8/build/release/CMakeFiles/CMakeTmp/CheckIncludeFile.c
/work/02188/nikunj/multicore/parallelStuff/Galois-2.1.8/build/release/CMakeFiles/CMakeTmp/CheckIncludeFile.c:1:23: fatal error: mach/mach.h: No such file or directory
compilation terminated.
gmake[1]: *** [CMakeFiles/cmTryCompileExec943389506.dir/CheckIncludeFile.c.o] Error 1
gmake[1]: Leaving directory `/work/02188/nikunj/multicore/parallelStuff/Galois-2.1.8/build/release/CMakeFiles/CMakeTmp'
gmake: *** [cmTryCompileExec943389506/fast] Error 2


Determining if the include file mach-o/dyld.h exists failed with the following output:
Change Dir: /work/02188/nikunj/multicore/parallelStuff/Galois-2.1.8/build/release/CMakeFiles/CMakeTmp

Run Build Command:/usr/bin/gmake "cmTryCompileExec2617428249/fast"
/usr/bin/gmake -f CMakeFiles/cmTryCompileExec2617428249.dir/build.make CMakeFiles/cmTryCompileExec2617428249.dir/build
gmake[1]: Entering directory `/work/02188/nikunj/multicore/parallelStuff/Galois-2.1.8/build/release/CMakeFiles/CMakeTmp'
/opt/apps/cmake/2.8.9/bin/cmake -E cmake_progress_report /work/02188/nikunj/multicore/parallelStuff/Galois-2.1.8/build/release/CMakeFiles/CMakeTmp/CMakeFiles 1
Building C object CMakeFiles/cmTryCompileExec2617428249.dir/CheckIncludeFile.c.o
/opt/apps/gcc/4.7.1/bin/gcc   -g     -o CMakeFiles/cmTryCompileExec2617428249.dir/CheckIncludeFile.c.o   -c /work/02188/nikunj/multicore/parallelStuff/Galois-2.1.8/build/release/CMakeFiles/CMakeTmp/CheckIncludeFile.c
/work/02188/nikunj/multicore/parallelStuff/Galois-2.1.8/build/release/CMakeFiles/CMakeTmp/CheckIncludeFile.c:1:25: fatal error: mach-o/dyld.h: No such file or directory
compilation terminated.
gmake[1]: *** [CMakeFiles/cmTryCompileExec2617428249.dir/CheckIncludeFile.c.o] Error 1
gmake[1]: Leaving directory `/work/02188/nikunj/multicore/parallelStuff/Galois-2.1.8/build/release/CMakeFiles/CMakeTmp'
gmake: *** [cmTryCompileExec2617428249/fast] Error 2


Determining if the isinf exist failed with the following output:
Change Dir: /work/02188/nikunj/multicore/parallelStuff/Galois-2.1.8/build/release/CMakeFiles/CMakeTmp

Run Build Command:/usr/bin/gmake "cmTryCompileExec1966226923/fast"
/usr/bin/gmake -f CMakeFiles/cmTryCompileExec1966226923.dir/build.make CMakeFiles/cmTryCompileExec1966226923.dir/build
gmake[1]: Entering directory `/work/02188/nikunj/multicore/parallelStuff/Galois-2.1.8/build/release/CMakeFiles/CMakeTmp'
/opt/apps/cmake/2.8.9/bin/cmake -E cmake_progress_report /work/02188/nikunj/multicore/parallelStuff/Galois-2.1.8/build/release/CMakeFiles/CMakeTmp/CMakeFiles 1
Building C object CMakeFiles/cmTryCompileExec1966226923.dir/CheckSymbolExists.c.o
/opt/apps/gcc/4.7.1/bin/gcc   -g     -o CMakeFiles/cmTryCompileExec1966226923.dir/CheckSymbolExists.c.o   -c /work/02188/nikunj/multicore/parallelStuff/Galois-2.1.8/build/release/CMakeFiles/CMakeTmp/CheckSymbolExists.c
/work/02188/nikunj/multicore/parallelStuff/Galois-2.1.8/build/release/CMakeFiles/CMakeTmp/CheckSymbolExists.c:2:17: fatal error: cmath: No such file or directory
compilation terminated.
gmake[1]: *** [CMakeFiles/cmTryCompileExec1966226923.dir/CheckSymbolExists.c.o] Error 1
gmake[1]: Leaving directory `/work/02188/nikunj/multicore/parallelStuff/Galois-2.1.8/build/release/CMakeFiles/CMakeTmp'
gmake: *** [cmTryCompileExec1966226923/fast] Error 2

File /work/02188/nikunj/multicore/parallelStuff/Galois-2.1.8/build/release/CMakeFiles/CMakeTmp/CheckSymbolExists.c:
/* */
#include <cmath>

int main(int argc, char** argv)
{
  (void)argv;
#ifndef isinf
  return ((int*)(&isinf))[argc];
#else
  (void)argc;
  return 0;
#endif
}

Determining if the finite exist failed with the following output:
Change Dir: /work/02188/nikunj/multicore/parallelStuff/Galois-2.1.8/build/release/CMakeFiles/CMakeTmp

Run Build Command:/usr/bin/gmake "cmTryCompileExec3422644981/fast"
/usr/bin/gmake -f CMakeFiles/cmTryCompileExec3422644981.dir/build.make CMakeFiles/cmTryCompileExec3422644981.dir/build
gmake[1]: Entering directory `/work/02188/nikunj/multicore/parallelStuff/Galois-2.1.8/build/release/CMakeFiles/CMakeTmp'
/opt/apps/cmake/2.8.9/bin/cmake -E cmake_progress_report /work/02188/nikunj/multicore/parallelStuff/Galois-2.1.8/build/release/CMakeFiles/CMakeTmp/CMakeFiles 1
Building C object CMakeFiles/cmTryCompileExec3422644981.dir/CheckSymbolExists.c.o
/opt/apps/gcc/4.7.1/bin/gcc   -g     -o CMakeFiles/cmTryCompileExec3422644981.dir/CheckSymbolExists.c.o   -c /work/02188/nikunj/multicore/parallelStuff/Galois-2.1.8/build/release/CMakeFiles/CMakeTmp/CheckSymbolExists.c
/work/02188/nikunj/multicore/parallelStuff/Galois-2.1.8/build/release/CMakeFiles/CMakeTmp/CheckSymbolExists.c:2:20: fatal error: ieeefp.h: No such file or directory
compilation terminated.
gmake[1]: *** [CMakeFiles/cmTryCompileExec3422644981.dir/CheckSymbolExists.c.o] Error 1
gmake[1]: Leaving directory `/work/02188/nikunj/multicore/parallelStuff/Galois-2.1.8/build/release/CMakeFiles/CMakeTmp'
gmake: *** [cmTryCompileExec3422644981/fast] Error 2

File /work/02188/nikunj/multicore/parallelStuff/Galois-2.1.8/build/release/CMakeFiles/CMakeTmp/CheckSymbolExists.c:
/* */
#include <ieeefp.h>

int main(int argc, char** argv)
{
  (void)argv;
#ifndef finite
  return ((int*)(&finite))[argc];
#else
  (void)argc;
  return 0;
#endif
}

Determining if the isnan exist failed with the following output:
Change Dir: /work/02188/nikunj/multicore/parallelStuff/Galois-2.1.8/build/release/CMakeFiles/CMakeTmp

Run Build Command:/usr/bin/gmake "cmTryCompileExec2230763128/fast"
/usr/bin/gmake -f CMakeFiles/cmTryCompileExec2230763128.dir/build.make CMakeFiles/cmTryCompileExec2230763128.dir/build
gmake[1]: Entering directory `/work/02188/nikunj/multicore/parallelStuff/Galois-2.1.8/build/release/CMakeFiles/CMakeTmp'
/opt/apps/cmake/2.8.9/bin/cmake -E cmake_progress_report /work/02188/nikunj/multicore/parallelStuff/Galois-2.1.8/build/release/CMakeFiles/CMakeTmp/CMakeFiles 1
Building C object CMakeFiles/cmTryCompileExec2230763128.dir/CheckSymbolExists.c.o
/opt/apps/gcc/4.7.1/bin/gcc   -g     -o CMakeFiles/cmTryCompileExec2230763128.dir/CheckSymbolExists.c.o   -c /work/02188/nikunj/multicore/parallelStuff/Galois-2.1.8/build/release/CMakeFiles/CMakeTmp/CheckSymbolExists.c
/work/02188/nikunj/multicore/parallelStuff/Galois-2.1.8/build/release/CMakeFiles/CMakeTmp/CheckSymbolExists.c:2:17: fatal error: cmath: No such file or directory
compilation terminated.
gmake[1]: *** [CMakeFiles/cmTryCompileExec2230763128.dir/CheckSymbolExists.c.o] Error 1
gmake[1]: Leaving directory `/work/02188/nikunj/multicore/parallelStuff/Galois-2.1.8/build/release/CMakeFiles/CMakeTmp'
gmake: *** [cmTryCompileExec2230763128/fast] Error 2

File /work/02188/nikunj/multicore/parallelStuff/Galois-2.1.8/build/release/CMakeFiles/CMakeTmp/CheckSymbolExists.c:
/* */
#include <cmath>

int main(int argc, char** argv)
{
  (void)argv;
#ifndef isnan
  return ((int*)(&isnan))[argc];
#else
  (void)argc;
  return 0;
#endif
}

Determining if the malloc_zone_statistics exist failed with the following output:
Change Dir: /work/02188/nikunj/multicore/parallelStuff/Galois-2.1.8/build/release/CMakeFiles/CMakeTmp

Run Build Command:/usr/bin/gmake "cmTryCompileExec3445224548/fast"
/usr/bin/gmake -f CMakeFiles/cmTryCompileExec3445224548.dir/build.make CMakeFiles/cmTryCompileExec3445224548.dir/build
gmake[1]: Entering directory `/work/02188/nikunj/multicore/parallelStuff/Galois-2.1.8/build/release/CMakeFiles/CMakeTmp'
/opt/apps/cmake/2.8.9/bin/cmake -E cmake_progress_report /work/02188/nikunj/multicore/parallelStuff/Galois-2.1.8/build/release/CMakeFiles/CMakeTmp/CMakeFiles 1
Building C object CMakeFiles/cmTryCompileExec3445224548.dir/CheckSymbolExists.c.o
/opt/apps/gcc/4.7.1/bin/gcc   -g     -o CMakeFiles/cmTryCompileExec3445224548.dir/CheckSymbolExists.c.o   -c /work/02188/nikunj/multicore/parallelStuff/Galois-2.1.8/build/release/CMakeFiles/CMakeTmp/CheckSymbolExists.c
/work/02188/nikunj/multicore/parallelStuff/Galois-2.1.8/build/release/CMakeFiles/CMakeTmp/CheckSymbolExists.c:2:27: fatal error: malloc/malloc.h: No such file or directory
compilation terminated.
gmake[1]: *** [CMakeFiles/cmTryCompileExec3445224548.dir/CheckSymbolExists.c.o] Error 1
gmake[1]: Leaving directory `/work/02188/nikunj/multicore/parallelStuff/Galois-2.1.8/build/release/CMakeFiles/CMakeTmp'
gmake: *** [cmTryCompileExec3445224548/fast] Error 2

File /work/02188/nikunj/multicore/parallelStuff/Galois-2.1.8/build/release/CMakeFiles/CMakeTmp/CheckSymbolExists.c:
/* */
#include <malloc/malloc.h>

int main(int argc, char** argv)
{
  (void)argv;
#ifndef malloc_zone_statistics
  return ((int*)(&malloc_zone_statistics))[argc];
#else
  (void)argc;
  return 0;
#endif
}

Determining if the strerror_s exist failed with the following output:
Change Dir: /work/02188/nikunj/multicore/parallelStuff/Galois-2.1.8/build/release/CMakeFiles/CMakeTmp

Run Build Command:/usr/bin/gmake "cmTryCompileExec120283649/fast"
/usr/bin/gmake -f CMakeFiles/cmTryCompileExec120283649.dir/build.make CMakeFiles/cmTryCompileExec120283649.dir/build
gmake[1]: Entering directory `/work/02188/nikunj/multicore/parallelStuff/Galois-2.1.8/build/release/CMakeFiles/CMakeTmp'
/opt/apps/cmake/2.8.9/bin/cmake -E cmake_progress_report /work/02188/nikunj/multicore/parallelStuff/Galois-2.1.8/build/release/CMakeFiles/CMakeTmp/CMakeFiles 1
Building C object CMakeFiles/cmTryCompileExec120283649.dir/CheckSymbolExists.c.o
/opt/apps/gcc/4.7.1/bin/gcc   -g     -o CMakeFiles/cmTryCompileExec120283649.dir/CheckSymbolExists.c.o   -c /work/02188/nikunj/multicore/parallelStuff/Galois-2.1.8/build/release/CMakeFiles/CMakeTmp/CheckSymbolExists.c
/work/02188/nikunj/multicore/parallelStuff/Galois-2.1.8/build/release/CMakeFiles/CMakeTmp/CheckSymbolExists.c: In function ‘main’:
/work/02188/nikunj/multicore/parallelStuff/Galois-2.1.8/build/release/CMakeFiles/CMakeTmp/CheckSymbolExists.c:8:19: error: ‘strerror_s’ undeclared (first use in this function)
/work/02188/nikunj/multicore/parallelStuff/Galois-2.1.8/build/release/CMakeFiles/CMakeTmp/CheckSymbolExists.c:8:19: note: each undeclared identifier is reported only once for each function it appears in
gmake[1]: *** [CMakeFiles/cmTryCompileExec120283649.dir/CheckSymbolExists.c.o] Error 1
gmake[1]: Leaving directory `/work/02188/nikunj/multicore/parallelStuff/Galois-2.1.8/build/release/CMakeFiles/CMakeTmp'
gmake: *** [cmTryCompileExec120283649/fast] Error 2

File /work/02188/nikunj/multicore/parallelStuff/Galois-2.1.8/build/release/CMakeFiles/CMakeTmp/CheckSymbolExists.c:
/* */
#include <string.h>

int main(int argc, char** argv)
{
  (void)argv;
#ifndef strerror_s
  return ((int*)(&strerror_s))[argc];
#else
  (void)argc;
  return 0;
#endif
}

